<?xml version="1.0" encoding="UTF-8"?>
<!-- Generated by org.testng.reporters.JUnitReportReporter -->
<testsuite skipped="0" hostname="WIN-JP122Q4MUMK" name="com.pack.testLayer.RecruitmentPageTest" tests="2" failures="0" timestamp="2021-12-14T08:14:56 IST" time="2.591" errors="0">
  <testcase name="validateRecruitmentTest" time="1.395" classname="com.pack.testLayer.RecruitmentPageTest"/>
  <system-out/>
  <testcase name="validateAddTest" time="1.196" classname="com.pack.testLayer.RecruitmentPageTest"/>
  <system-out/>
</testsuite> <!-- com.pack.testLayer.RecruitmentPageTest -->
