<?xml version="1.0" encoding="UTF-8"?>
<!-- Generated by org.testng.reporters.JUnitReportReporter -->
<testsuite skipped="0" hostname="WIN-JP122Q4MUMK" name="com.pack.testLayer.LoginHRMPageTest" tests="2" failures="0" timestamp="2021-12-14T08:14:56 IST" time="25.604" errors="0">
  <testcase name="ValidatePageTittle" time="9.408" classname="com.pack.testLayer.LoginHRMPageTest"/>
  <system-out/>
  <testcase name="LoginTest" time="16.196" classname="com.pack.testLayer.LoginHRMPageTest"/>
  <system-out/>
</testsuite> <!-- com.pack.testLayer.LoginHRMPageTest -->
