<?xml version="1.0" encoding="UTF-8"?>
<!-- Generated by org.testng.reporters.JUnitReportReporter -->
<testsuite skipped="0" hostname="WIN-JP122Q4MUMK" name="com.pack.testLayer.LeaveListTest" tests="1" failures="0" timestamp="2021-12-18T04:56:16 IST" time="10.832" errors="0">
  <testcase name="leaveListSearch" time="10.832" classname="com.pack.testLayer.LeaveListTest"/>
  <system-out/>
</testsuite> <!-- com.pack.testLayer.LeaveListTest -->
