<?xml version="1.0" encoding="UTF-8"?>
<!-- Generated by org.testng.reporters.JUnitReportReporter -->
<testsuite skipped="0" hostname="WIN-JP122Q4MUMK" name="com.pack.testLayer.LeavePageTest" tests="2" failures="0" timestamp="2021-12-14T08:14:56 IST" time="6.919" errors="0">
  <testcase name="validateAddTest" time="4.793" classname="com.pack.testLayer.LeavePageTest"/>
  <system-out/>
  <testcase name="leaveTest" time="2.126" classname="com.pack.testLayer.LeavePageTest"/>
  <system-out/>
</testsuite> <!-- com.pack.testLayer.LeavePageTest -->
