<?xml version="1.0" encoding="UTF-8"?>
<!-- Generated by org.testng.reporters.JUnitReportReporter -->
<testsuite skipped="0" hostname="WIN-JP122Q4MUMK" name="com.pack.testLayer.PimPageTest" tests="3" failures="0" timestamp="2021-12-18T10:11:14 IST" time="10.997" errors="0">
  <testcase name="validateAddTest" time="1.079" classname="com.pack.testLayer.PimPageTest"/>
  <system-out/>
  <testcase name="validateTestEmp" time="3.939" classname="com.pack.testLayer.PimPageTest"/>
  <system-out/>
  <testcase name="saveEmployeeTest" time="5.979" classname="com.pack.testLayer.PimPageTest"/>
  <system-out/>
</testsuite> <!-- com.pack.testLayer.PimPageTest -->
