<?xml version="1.0" encoding="UTF-8"?>
<!-- Generated by org.testng.reporters.JUnitReportReporter -->
<testsuite skipped="0" hostname="WIN-JP122Q4MUMK" name="com.pack.testLayer.DirectoryTest" tests="2" failures="0" timestamp="2021-12-14T15:08:44 IST" time="4.910" errors="0">
  <testcase name="verifyTest" time="0.255" classname="com.pack.testLayer.DirectoryTest"/>
  <system-out/>
  <testcase name="searchDirectory" time="4.655" classname="com.pack.testLayer.DirectoryTest"/>
  <system-out/>
</testsuite> <!-- com.pack.testLayer.DirectoryTest -->
