<?xml version="1.0" encoding="UTF-8"?>
<!-- Generated by org.testng.reporters.JUnitReportReporter -->
<testsuite skipped="0" hostname="WIN-JP122Q4MUMK" name="com.pack.testLayer.AdminTest" tests="1" failures="0" timestamp="2021-12-14T08:14:56 IST" time="1.121" errors="0">
  <testcase name="validateAddTest" time="1.121" classname="com.pack.testLayer.AdminTest"/>
  <system-out/>
</testsuite> <!-- com.pack.testLayer.AdminTest -->
