<?xml version="1.0" encoding="UTF-8"?>
<!-- Generated by org.testng.reporters.JUnitReportReporter -->
<testsuite skipped="0" hostname="WIN-JP122Q4MUMK" name="com.pack.testLayer.AssignPageTest" tests="1" failures="0" timestamp="2021-12-15T14:32:05 IST" time="1.739" errors="0">
  <testcase name="checkAssignPageTest" time="1.739" classname="com.pack.testLayer.AssignPageTest"/>
  <system-out/>
</testsuite> <!-- com.pack.testLayer.AssignPageTest -->
