<?xml version="1.0" encoding="UTF-8"?>
<!-- Generated by org.testng.reporters.JUnitReportReporter -->
<testsuite skipped="0" hostname="WIN-JP122Q4MUMK" name="com.pack.testLayer.CandidateTest" tests="2" failures="0" timestamp="2021-12-14T17:05:55 IST" time="6.989" errors="0">
  <testcase name="searchTest" time="1.205" classname="com.pack.testLayer.CandidateTest"/>
  <system-out/>
  <testcase name="deleteCandidateTest" time="5.784" classname="com.pack.testLayer.CandidateTest"/>
  <system-out/>
</testsuite> <!-- com.pack.testLayer.CandidateTest -->
