<?xml version="1.0" encoding="UTF-8"?>
<!-- Generated by org.testng.reporters.JUnitReportReporter -->
<testsuite skipped="0" hostname="WIN-JP122Q4MUMK" name="com.pack.testLayer.AddUserTest" tests="2" failures="0" timestamp="2021-12-14T17:02:16 IST" time="5.174" errors="0">
  <testcase name="addUserTest" time="2.613" classname="com.pack.testLayer.AddUserTest"/>
  <system-out/>
  <testcase name="saveUserTest" time="2.561" classname="com.pack.testLayer.AddUserTest"/>
  <system-out/>
</testsuite> <!-- com.pack.testLayer.AddUserTest -->
