<?xml version="1.0" encoding="UTF-8"?>
<!-- Generated by org.testng.reporters.JUnitReportReporter -->
<testsuite skipped="0" hostname="WIN-JP122Q4MUMK" name="com.pack.testLayer.LogoutTest" tests="1" failures="0" timestamp="2021-12-14T18:01:39 IST" time="1.793" errors="0">
  <testcase name="LogoutVerifyTest" time="1.793" classname="com.pack.testLayer.LogoutTest"/>
  <system-out/>
</testsuite> <!-- com.pack.testLayer.LogoutTest -->
