<?xml version="1.0" encoding="UTF-8"?>
<!-- Generated by org.testng.reporters.JUnitReportReporter -->
<testsuite skipped="0" hostname="WIN-JP122Q4MUMK" name="com.pack.testLayer.UserTest" tests="4" failures="0" timestamp="2021-12-14T08:14:56 IST" time="5.818" errors="0">
  <testcase name="userTest" time="1.867" classname="com.pack.testLayer.UserTest"/>
  <system-out/>
  <testcase name="searchTest" time="1.647" classname="com.pack.testLayer.UserTest"/>
  <system-out/>
  <testcase name="checkTest" time="0.173" classname="com.pack.testLayer.UserTest"/>
  <system-out/>
  <testcase name="deleteUserTest" time="2.131" classname="com.pack.testLayer.UserTest"/>
  <system-out/>
</testsuite> <!-- com.pack.testLayer.UserTest -->
